=== accuracy targeted xgb started at Thu Jun 18 14:47:52 UTC 2026 ===
2026-06-18 14:48:19 | INFO | Building tsfresh feature matrices
2026-06-18 14:49:09 | INFO | Loaded 5000/53763 feature rows
2026-06-18 14:50:11 | INFO | Loaded 10000/53763 feature rows
2026-06-18 14:51:07 | INFO | Loaded 15000/53763 feature rows
2026-06-18 14:52:01 | INFO | Loaded 20000/53763 feature rows
2026-06-18 14:53:03 | INFO | Loaded 25000/53763 feature rows
2026-06-18 14:54:08 | INFO | Loaded 30000/53763 feature rows
2026-06-18 14:55:06 | INFO | Loaded 35000/53763 feature rows
2026-06-18 14:56:19 | INFO | Loaded 40000/53763 feature rows
2026-06-18 14:57:15 | INFO | Loaded 45000/53763 feature rows
2026-06-18 14:58:04 | INFO | Loaded 50000/53763 feature rows
2026-06-18 14:59:28 | INFO | Loaded 5000/14290 feature rows
2026-06-18 15:00:24 | INFO | Loaded 10000/14290 feature rows
2026-06-18 15:01:19 | INFO | Training candidate strong_weight_d6
2026-06-18 16:01:28 | INFO | [strong_weight_d6] rounds=315 bias=0.40 temp=1.00 val_acc=0.4514 val_bal=0.3022 val_f1=0.2991
2026-06-18 16:01:28 | INFO | Selected strong_weight_d6 at 315 rounds; bias=0.40 temperature=1.00; evaluating test split
2026-06-18 16:01:39 | INFO | Loaded 5000/17986 feature rows
2026-06-18 16:01:51 | INFO | Loaded 10000/17986 feature rows
2026-06-18 16:02:02 | INFO | Loaded 15000/17986 feature rows
2026-06-18 16:02:15 | INFO | [selected=strong_weight_d6] test_acc=0.6827 test_bal=0.7128 test_f1=0.7049 | cpu_model=4.336 ms e2e=13.249 ms
=== accuracy targeted xgb finished at Thu Jun 18 16:02:16 UTC 2026 ===
