=== accuracy boost xgb started at Thu Jun 18 14:47:52 UTC 2026 ===
2026-06-18 14:48:22 | INFO | Building tsfresh feature matrices
2026-06-18 14:49:09 | INFO | Loaded 5000/53763 feature rows
2026-06-18 14:50:13 | INFO | Loaded 10000/53763 feature rows
2026-06-18 14:51:15 | INFO | Loaded 15000/53763 feature rows
2026-06-18 14:52:06 | INFO | Loaded 20000/53763 feature rows
2026-06-18 14:53:08 | INFO | Loaded 25000/53763 feature rows
2026-06-18 14:54:15 | INFO | Loaded 30000/53763 feature rows
2026-06-18 14:55:27 | INFO | Loaded 35000/53763 feature rows
2026-06-18 14:56:30 | INFO | Loaded 40000/53763 feature rows
2026-06-18 14:57:32 | INFO | Loaded 45000/53763 feature rows
2026-06-18 14:58:25 | INFO | Loaded 50000/53763 feature rows
2026-06-18 15:00:07 | INFO | Loaded 5000/14290 feature rows
2026-06-18 15:00:51 | INFO | Loaded 10000/14290 feature rows
2026-06-18 15:01:43 | INFO | Training candidate unweighted_d4
2026-06-18 16:07:35 | INFO | [unweighted_d4] rounds=325 val_acc=0.5262 val_bal=0.2732 val_f1=0.2573
2026-06-18 16:07:35 | INFO | Training candidate unweighted_d5
2026-06-18 16:49:20 | INFO | [unweighted_d5] rounds=775 val_acc=0.5332 val_bal=0.2750 val_f1=0.2589
2026-06-18 16:49:20 | INFO | Training candidate unweighted_d6
2026-06-18 17:40:19 | INFO | [unweighted_d6] rounds=800 val_acc=0.5255 val_bal=0.2686 val_f1=0.2522
2026-06-18 17:40:19 | INFO | Training candidate unweighted_d7
2026-06-18 18:40:30 | INFO | [unweighted_d7] rounds=475 val_acc=0.5374 val_bal=0.2714 val_f1=0.2541
2026-06-18 18:40:30 | INFO | Training candidate mild_weight_d5
2026-06-18 19:19:12 | INFO | [mild_weight_d5] rounds=550 val_acc=0.5290 val_bal=0.2726 val_f1=0.2585
2026-06-18 19:19:12 | INFO | Training candidate sqrt_weight_d5
2026-06-18 19:59:53 | INFO | [sqrt_weight_d5] rounds=700 val_acc=0.5234 val_bal=0.2745 val_f1=0.2644
2026-06-18 19:59:53 | INFO | Selected unweighted_d7 at 475 rounds; building held-out test matrix
2026-06-18 20:00:01 | INFO | Loaded 5000/17986 feature rows
2026-06-18 20:00:09 | INFO | Loaded 10000/17986 feature rows
2026-06-18 20:00:17 | INFO | Loaded 15000/17986 feature rows
2026-06-18 20:00:25 | INFO | [selected=unweighted_d7] test_acc=0.8756 test_bal=0.7097 test_f1=0.7867 | cpu_model=0.972 ms e2e=4.902 ms
=== accuracy boost xgb finished at Thu Jun 18 20:00:27 UTC 2026 ===
